<?xml version="1.0" encoding="UTF-8"?>
<!-- Generated by org.testng.reporters.JUnitReportReporter -->
<testsuite hostname="AnilKumar-PC" name="Test_Scripts.MortgageCalculate" tests="1" failures="0" timestamp="3 Nov 2015 11:15:37 GMT" time="3.078" errors="0">
  <testcase name="thirdMethod" time="3.078" classname="Test_Scripts.MortgageCalculate"/>
</testsuite> <!-- Test_Scripts.MortgageCalculate -->
