<?xml version="1.0" encoding="UTF-8"?>
<!-- Generated by org.testng.reporters.JUnitReportReporter -->
<testsuite hostname="AnilKumar-PC" name="Test_Scripts.MortgageValue" tests="2" failures="0" timestamp="3 Nov 2015 11:15:37 GMT" time="7.684" errors="0">
  <testcase name="secondMethod" time="3.933" classname="Test_Scripts.MortgageValue"/>
  <testcase name="secondMethod" time="3.751" classname="Test_Scripts.MortgageValue"/>
</testsuite> <!-- Test_Scripts.MortgageValue -->
